2018-05-13 15:25:27.280148: I tensorflow/stream_executor/cuda/cuda_gpu_executor.cc:898] successful NUMA node read from SysFS had negative value (-1), but there must be at least one NUMA node, so returning NUMA node zero
2018-05-13 15:25:27.280690: I tensorflow/core/common_runtime/gpu/gpu_device.cc:1356] Found device 0 with properties: 
name: Tesla K80 major: 3 minor: 7 memoryClockRate(GHz): 0.8235
pciBusID: 0000:00:04.0
totalMemory: 11.17GiB freeMemory: 11.09GiB
2018-05-13 15:25:27.280744: I tensorflow/core/common_runtime/gpu/gpu_device.cc:1435] Adding visible gpu devices: 0
2018-05-13 15:25:27.616787: I tensorflow/core/common_runtime/gpu/gpu_device.cc:923] Device interconnect StreamExecutor with strength 1 edge matrix:
2018-05-13 15:25:27.616842: I tensorflow/core/common_runtime/gpu/gpu_device.cc:929]      0 
2018-05-13 15:25:27.616855: I tensorflow/core/common_runtime/gpu/gpu_device.cc:942] 0:   N 
2018-05-13 15:25:27.617205: I tensorflow/core/common_runtime/gpu/gpu_device.cc:1053] Created TensorFlow device (/job:localhost/replica:0/task:0/device:GPU:0 with 10749 MB memory) -> physical GPU (device: 0, name: Tesla K80, pci bus id: 0000:00:04.0, compute capability: 3.7)
35.00
45.18
48.91
52.73
52.91
54.36
55.82
54.73
55.18
54.00
55.09
57.36
55.64
55.64
54.73
54.91
52.64
55.55
55.91
54.00
2018-05-13 15:40:23.966900: I tensorflow/stream_executor/cuda/cuda_gpu_executor.cc:898] successful NUMA node read from SysFS had negative value (-1), but there must be at least one NUMA node, so returning NUMA node zero
2018-05-13 15:40:23.967209: I tensorflow/core/common_runtime/gpu/gpu_device.cc:1356] Found device 0 with properties: 
name: Tesla K80 major: 3 minor: 7 memoryClockRate(GHz): 0.8235
pciBusID: 0000:00:04.0
totalMemory: 11.17GiB freeMemory: 414.50MiB
2018-05-13 15:40:23.967235: I tensorflow/core/common_runtime/gpu/gpu_device.cc:1435] Adding visible gpu devices: 0
2018-05-13 15:40:24.321529: I tensorflow/core/common_runtime/gpu/gpu_device.cc:923] Device interconnect StreamExecutor with strength 1 edge matrix:
2018-05-13 15:40:24.321585: I tensorflow/core/common_runtime/gpu/gpu_device.cc:929]      0 
2018-05-13 15:40:24.321597: I tensorflow/core/common_runtime/gpu/gpu_device.cc:942] 0:   N 
2018-05-13 15:40:24.321775: I tensorflow/core/common_runtime/gpu/gpu_device.cc:1053] Created TensorFlow device (/job:localhost/replica:0/task:0/device:GPU:0 with 150 MB memory) -> physical GPU (device: 0, name: Tesla K80, pci bus id: 0000:00:04.0, compute capability: 3.7)
0 35.82
1 45.55
2 48.73
3 51.73
4 52.45
5 52.64
6 54.55
7 54.73
8 53.00
9 53.82
10 53.55
11 54.55
12 54.55
13 54.00
14 53.64
15 54.45
16 53.09
17 53.73
18 52.91
19 52.91
20 52.73
21 53.36
22 52.36
23 54.91
24 53.45
25 54.82
26 54.36
27 51.64
28 53.18
29 51.00
30 52.18
31 50.36
32 51.82
33 52.45
34 51.45
35 50.91
36 51.91
37 51.82
38 50.36
39 50.64
40 51.27
41 51.09
42 52.55
43 54.27
44 52.73
45 50.45
46 51.18
47 52.18
48 52.00
49 51.91
Traceback (most recent call last):
  File "nli.py", line 3, in <module>
    import tensorflow as tf
ImportError: No module named 'tensorflow'
2018-05-13 16:06:52.958994: I tensorflow/stream_executor/cuda/cuda_gpu_executor.cc:898] successful NUMA node read from SysFS had negative value (-1), but there must be at least one NUMA node, so returning NUMA node zero
2018-05-13 16:06:52.959413: I tensorflow/core/common_runtime/gpu/gpu_device.cc:1356] Found device 0 with properties: 
name: Tesla K80 major: 3 minor: 7 memoryClockRate(GHz): 0.8235
pciBusID: 0000:00:04.0
totalMemory: 11.17GiB freeMemory: 414.50MiB
2018-05-13 16:06:52.959439: I tensorflow/core/common_runtime/gpu/gpu_device.cc:1435] Adding visible gpu devices: 0
2018-05-13 16:06:53.311348: I tensorflow/core/common_runtime/gpu/gpu_device.cc:923] Device interconnect StreamExecutor with strength 1 edge matrix:
2018-05-13 16:06:53.311403: I tensorflow/core/common_runtime/gpu/gpu_device.cc:929]      0 
2018-05-13 16:06:53.311416: I tensorflow/core/common_runtime/gpu/gpu_device.cc:942] 0:   N 
2018-05-13 16:06:53.311564: I tensorflow/core/common_runtime/gpu/gpu_device.cc:1053] Created TensorFlow device (/job:localhost/replica:0/task:0/device:GPU:0 with 150 MB memory) -> physical GPU (device: 0, name: Tesla K80, pci bus id: 0000:00:04.0, compute capability: 3.7)
0 36.45
1 48.00
2 50.55
3 53.09
4 55.27
5 54.91
6 54.82
7 54.82
8 54.18
9 54.91
10 54.82
11 54.73
12 54.36
13 55.18
14 54.82
15 55.00
16 55.00
17 54.91
18 54.73
19 54.55
20 54.73
21 54.73
22 55.36
23 55.00
24 55.27
25 54.64
26 54.64
27 54.73
2018-05-13 16:20:48.600590: I tensorflow/stream_executor/cuda/cuda_gpu_executor.cc:898] successful NUMA node read from SysFS had negative value (-1), but there must be at least one NUMA node, so returning NUMA node zero
2018-05-13 16:20:48.600950: I tensorflow/core/common_runtime/gpu/gpu_device.cc:1356] Found device 0 with properties: 
name: Tesla K80 major: 3 minor: 7 memoryClockRate(GHz): 0.8235
pciBusID: 0000:00:04.0
totalMemory: 11.17GiB freeMemory: 480.38MiB
2018-05-13 16:20:48.600990: I tensorflow/core/common_runtime/gpu/gpu_device.cc:1435] Adding visible gpu devices: 0
2018-05-13 16:20:49.163975: I tensorflow/core/common_runtime/gpu/gpu_device.cc:923] Device interconnect StreamExecutor with strength 1 edge matrix:
2018-05-13 16:20:49.164030: I tensorflow/core/common_runtime/gpu/gpu_device.cc:929]      0 
2018-05-13 16:20:49.164042: I tensorflow/core/common_runtime/gpu/gpu_device.cc:942] 0:   N 
2018-05-13 16:20:49.164185: I tensorflow/core/common_runtime/gpu/gpu_device.cc:1053] Created TensorFlow device (/job:localhost/replica:0/task:0/device:GPU:0 with 216 MB memory) -> physical GPU (device: 0, name: Tesla K80, pci bus id: 0000:00:04.0, compute capability: 3.7)
28 54.82
0 36.64
29 54.82
1 45.55
30 54.91
2 48.00
31 54.64
3 49.00
32 54.91
4 49.64
33 54.36
5 51.36
34 54.55
6 52.09
35 54.18
7 50.45
36 54.55
8 51.73
37 54.55
9 52.55
38 54.73
10 51.45
39 54.45
11 51.09
40 54.82
12 52.27
41 54.73
13 51.00
42 54.64
14 51.64
43 54.09
15 52.09
44 54.55
16 51.09
45 54.36
17 51.82
46 54.36
18 52.55
47 54.27
19 51.27
48 54.27
20 52.00
49 54.09
21 52.82
22 49.55
23 52.36
24 50.36
25 50.91
26 51.64
27 49.91
28 50.82
29 50.64
30 51.27
31 49.91
32 50.45
33 50.36
34 50.82
35 51.27
36 51.09
37 50.73
38 50.73
39 46.82
40 49.36
41 49.09
42 48.27
43 49.18
44 48.55
45 48.27
46 48.91
47 49.55
48 50.00
49 50.09
2018-05-13 17:18:39.424696: I tensorflow/stream_executor/cuda/cuda_gpu_executor.cc:898] successful NUMA node read from SysFS had negative value (-1), but there must be at least one NUMA node, so returning NUMA node zero
2018-05-13 17:18:39.424999: I tensorflow/core/common_runtime/gpu/gpu_device.cc:1356] Found device 0 with properties: 
name: Tesla K80 major: 3 minor: 7 memoryClockRate(GHz): 0.8235
pciBusID: 0000:00:04.0
totalMemory: 11.17GiB freeMemory: 738.12MiB
2018-05-13 17:18:39.425032: I tensorflow/core/common_runtime/gpu/gpu_device.cc:1435] Adding visible gpu devices: 0
2018-05-13 17:18:39.958981: I tensorflow/core/common_runtime/gpu/gpu_device.cc:923] Device interconnect StreamExecutor with strength 1 edge matrix:
2018-05-13 17:18:39.959041: I tensorflow/core/common_runtime/gpu/gpu_device.cc:929]      0 
2018-05-13 17:18:39.959055: I tensorflow/core/common_runtime/gpu/gpu_device.cc:942] 0:   N 
2018-05-13 17:18:39.959205: I tensorflow/core/common_runtime/gpu/gpu_device.cc:1053] Created TensorFlow device (/job:localhost/replica:0/task:0/device:GPU:0 with 474 MB memory) -> physical GPU (device: 0, name: Tesla K80, pci bus id: 0000:00:04.0, compute capability: 3.7)
0 36.82
1 47.73
2 50.36
3 53.09
4 52.91
5 53.91
6 52.00
7 53.27
8 53.45
9 53.64
10 53.09
11 54.00
12 53.27
13 53.18
14 53.36
15 53.45
16 53.18
17 52.91
18 53.36
19 53.36
20 53.09
21 52.36
22 52.73
23 52.73
24 52.73
25 52.73
26 53.18
27 53.18
28 53.09
29 52.73
2018-05-13 17:40:13.141323: I tensorflow/stream_executor/cuda/cuda_gpu_executor.cc:898] successful NUMA node read from SysFS had negative value (-1), but there must be at least one NUMA node, so returning NUMA node zero
2018-05-13 17:40:13.141791: I tensorflow/core/common_runtime/gpu/gpu_device.cc:1356] Found device 0 with properties: 
name: Tesla K80 major: 3 minor: 7 memoryClockRate(GHz): 0.8235
pciBusID: 0000:00:04.0
totalMemory: 11.17GiB freeMemory: 11.09GiB
2018-05-13 17:40:13.141828: I tensorflow/core/common_runtime/gpu/gpu_device.cc:1435] Adding visible gpu devices: 0
2018-05-13 17:40:13.488331: I tensorflow/core/common_runtime/gpu/gpu_device.cc:923] Device interconnect StreamExecutor with strength 1 edge matrix:
2018-05-13 17:40:13.488385: I tensorflow/core/common_runtime/gpu/gpu_device.cc:929]      0 
2018-05-13 17:40:13.488398: I tensorflow/core/common_runtime/gpu/gpu_device.cc:942] 0:   N 
2018-05-13 17:40:13.488681: I tensorflow/core/common_runtime/gpu/gpu_device.cc:1053] Created TensorFlow device (/job:localhost/replica:0/task:0/device:GPU:0 with 10749 MB memory) -> physical GPU (device: 0, name: Tesla K80, pci bus id: 0000:00:04.0, compute capability: 3.7)
0 42.36
1 53.09
2 59.45
3 58.09
4 60.45
5 62.00
6 61.91
7 61.36
8 61.45
9 62.00
10 61.73
11 62.09
12 61.64
13 62.36
14 62.27
15 62.00
16 61.73
17 62.18
18 62.09
19 62.27
2018-05-13 18:04:30.501777: I tensorflow/stream_executor/cuda/cuda_gpu_executor.cc:898] successful NUMA node read from SysFS had negative value (-1), but there must be at least one NUMA node, so returning NUMA node zero
2018-05-13 18:04:30.502257: I tensorflow/core/common_runtime/gpu/gpu_device.cc:1356] Found device 0 with properties: 
name: Tesla K80 major: 3 minor: 7 memoryClockRate(GHz): 0.8235
pciBusID: 0000:00:04.0
totalMemory: 11.17GiB freeMemory: 11.09GiB
2018-05-13 18:04:30.502292: I tensorflow/core/common_runtime/gpu/gpu_device.cc:1435] Adding visible gpu devices: 0
2018-05-13 18:04:30.846967: I tensorflow/core/common_runtime/gpu/gpu_device.cc:923] Device interconnect StreamExecutor with strength 1 edge matrix:
2018-05-13 18:04:30.847038: I tensorflow/core/common_runtime/gpu/gpu_device.cc:929]      0 
2018-05-13 18:04:30.847052: I tensorflow/core/common_runtime/gpu/gpu_device.cc:942] 0:   N 
2018-05-13 18:04:30.847332: I tensorflow/core/common_runtime/gpu/gpu_device.cc:1053] Created TensorFlow device (/job:localhost/replica:0/task:0/device:GPU:0 with 10749 MB memory) -> physical GPU (device: 0, name: Tesla K80, pci bus id: 0000:00:04.0, compute capability: 3.7)
0 40.09
1 48.09
2 54.00
3 58.64
4 59.91
5 61.36
6 61.18
7 60.82
8 61.00
9 61.27
10 61.18
11 61.82
12 62.45
13 60.09
14 59.64
15 61.18
16 60.36
17 60.64
18 58.36
19 59.91
2018-05-13 18:31:39.874410: I tensorflow/stream_executor/cuda/cuda_gpu_executor.cc:898] successful NUMA node read from SysFS had negative value (-1), but there must be at least one NUMA node, so returning NUMA node zero
2018-05-13 18:31:39.874848: I tensorflow/core/common_runtime/gpu/gpu_device.cc:1356] Found device 0 with properties: 
name: Tesla K80 major: 3 minor: 7 memoryClockRate(GHz): 0.8235
pciBusID: 0000:00:04.0
totalMemory: 11.17GiB freeMemory: 11.09GiB
2018-05-13 18:31:39.874874: I tensorflow/core/common_runtime/gpu/gpu_device.cc:1435] Adding visible gpu devices: 0
2018-05-13 18:31:40.218033: I tensorflow/core/common_runtime/gpu/gpu_device.cc:923] Device interconnect StreamExecutor with strength 1 edge matrix:
2018-05-13 18:31:40.218108: I tensorflow/core/common_runtime/gpu/gpu_device.cc:929]      0 
2018-05-13 18:31:40.218121: I tensorflow/core/common_runtime/gpu/gpu_device.cc:942] 0:   N 
2018-05-13 18:31:40.218410: I tensorflow/core/common_runtime/gpu/gpu_device.cc:1053] Created TensorFlow device (/job:localhost/replica:0/task:0/device:GPU:0 with 10749 MB memory) -> physical GPU (device: 0, name: Tesla K80, pci bus id: 0000:00:04.0, compute capability: 3.7)
2018-05-13 18:32:10.630375: I tensorflow/stream_executor/cuda/cuda_gpu_executor.cc:898] successful NUMA node read from SysFS had negative value (-1), but there must be at least one NUMA node, so returning NUMA node zero
2018-05-13 18:32:10.630667: I tensorflow/core/common_runtime/gpu/gpu_device.cc:1356] Found device 0 with properties: 
name: Tesla K80 major: 3 minor: 7 memoryClockRate(GHz): 0.8235
pciBusID: 0000:00:04.0
totalMemory: 11.17GiB freeMemory: 414.50MiB
2018-05-13 18:32:10.630691: I tensorflow/core/common_runtime/gpu/gpu_device.cc:1435] Adding visible gpu devices: 0
2018-05-13 18:32:11.248717: I tensorflow/core/common_runtime/gpu/gpu_device.cc:923] Device interconnect StreamExecutor with strength 1 edge matrix:
2018-05-13 18:32:11.248787: I tensorflow/core/common_runtime/gpu/gpu_device.cc:929]      0 
2018-05-13 18:32:11.248801: I tensorflow/core/common_runtime/gpu/gpu_device.cc:942] 0:   N 
2018-05-13 18:32:11.248939: I tensorflow/core/common_runtime/gpu/gpu_device.cc:1053] Created TensorFlow device (/job:localhost/replica:0/task:0/device:GPU:0 with 150 MB memory) -> physical GPU (device: 0, name: Tesla K80, pci bus id: 0000:00:04.0, compute capability: 3.7)
2018-05-13 18:32:25.258906: W tensorflow/core/common_runtime/bfc_allocator.cc:275] Allocator (GPU_0_bfc) ran out of memory trying to allocate 120.0KiB.  Current allocation summary follows.
2018-05-13 18:32:25.259011: I tensorflow/core/common_runtime/bfc_allocator.cc:630] Bin (256): 	Total Chunks: 95, Chunks in use: 95. 23.8KiB allocated for chunks. 23.8KiB in use in bin. 5.3KiB client-requested in use in bin.
2018-05-13 18:32:25.259034: I tensorflow/core/common_runtime/bfc_allocator.cc:630] Bin (512): 	Total Chunks: 0, Chunks in use: 0. 0B allocated for chunks. 0B in use in bin. 0B client-requested in use in bin.
2018-05-13 18:32:25.259052: I tensorflow/core/common_runtime/bfc_allocator.cc:630] Bin (1024): 	Total Chunks: 1, Chunks in use: 1. 1.2KiB allocated for chunks. 1.2KiB in use in bin. 1.0KiB client-requested in use in bin.
2018-05-13 18:32:25.259069: I tensorflow/core/common_runtime/bfc_allocator.cc:630] Bin (2048): 	Total Chunks: 0, Chunks in use: 0. 0B allocated for chunks. 0B in use in bin. 0B client-requested in use in bin.
2018-05-13 18:32:25.259085: I tensorflow/core/common_runtime/bfc_allocator.cc:630] Bin (4096): 	Total Chunks: 0, Chunks in use: 0. 0B allocated for chunks. 0B in use in bin. 0B client-requested in use in bin.
2018-05-13 18:32:25.259103: I tensorflow/core/common_runtime/bfc_allocator.cc:630] Bin (8192): 	Total Chunks: 4, Chunks in use: 4. 58.0KiB allocated for chunks. 58.0KiB in use in bin. 57.8KiB client-requested in use in bin.
2018-05-13 18:32:25.259121: I tensorflow/core/common_runtime/bfc_allocator.cc:630] Bin (16384): 	Total Chunks: 4, Chunks in use: 4. 96.0KiB allocated for chunks. 96.0KiB in use in bin. 96.0KiB client-requested in use in bin.
2018-05-13 18:32:25.259139: I tensorflow/core/common_runtime/bfc_allocator.cc:630] Bin (32768): 	Total Chunks: 12, Chunks in use: 12. 576.0KiB allocated for chunks. 576.0KiB in use in bin. 576.0KiB client-requested in use in bin.
2018-05-13 18:32:25.259171: I tensorflow/core/common_runtime/bfc_allocator.cc:630] Bin (65536): 	Total Chunks: 19, Chunks in use: 19. 1.76MiB allocated for chunks. 1.76MiB in use in bin. 1.76MiB client-requested in use in bin.
2018-05-13 18:32:25.259187: I tensorflow/core/common_runtime/bfc_allocator.cc:630] Bin (131072): 	Total Chunks: 17, Chunks in use: 17. 2.66MiB allocated for chunks. 2.66MiB in use in bin. 2.66MiB client-requested in use in bin.
2018-05-13 18:32:25.259203: I tensorflow/core/common_runtime/bfc_allocator.cc:630] Bin (262144): 	Total Chunks: 0, Chunks in use: 0. 0B allocated for chunks. 0B in use in bin. 0B client-requested in use in bin.
2018-05-13 18:32:25.259218: I tensorflow/core/common_runtime/bfc_allocator.cc:630] Bin (524288): 	Total Chunks: 0, Chunks in use: 0. 0B allocated for chunks. 0B in use in bin. 0B client-requested in use in bin.
2018-05-13 18:32:25.259233: I tensorflow/core/common_runtime/bfc_allocator.cc:630] Bin (1048576): 	Total Chunks: 0, Chunks in use: 0. 0B allocated for chunks. 0B in use in bin. 0B client-requested in use in bin.
2018-05-13 18:32:25.259250: I tensorflow/core/common_runtime/bfc_allocator.cc:630] Bin (2097152): 	Total Chunks: 0, Chunks in use: 0. 0B allocated for chunks. 0B in use in bin. 0B client-requested in use in bin.
2018-05-13 18:32:25.259266: I tensorflow/core/common_runtime/bfc_allocator.cc:630] Bin (4194304): 	Total Chunks: 0, Chunks in use: 0. 0B allocated for chunks. 0B in use in bin. 0B client-requested in use in bin.
2018-05-13 18:32:25.259281: I tensorflow/core/common_runtime/bfc_allocator.cc:630] Bin (8388608): 	Total Chunks: 0, Chunks in use: 0. 0B allocated for chunks. 0B in use in bin. 0B client-requested in use in bin.
2018-05-13 18:32:25.259319: I tensorflow/core/common_runtime/bfc_allocator.cc:630] Bin (16777216): 	Total Chunks: 3, Chunks in use: 3. 88.28MiB allocated for chunks. 88.28MiB in use in bin. 88.28MiB client-requested in use in bin.
2018-05-13 18:32:25.259337: I tensorflow/core/common_runtime/bfc_allocator.cc:630] Bin (33554432): 	Total Chunks: 1, Chunks in use: 1. 57.06MiB allocated for chunks. 57.06MiB in use in bin. 29.43MiB client-requested in use in bin.
2018-05-13 18:32:25.259352: I tensorflow/core/common_runtime/bfc_allocator.cc:630] Bin (67108864): 	Total Chunks: 0, Chunks in use: 0. 0B allocated for chunks. 0B in use in bin. 0B client-requested in use in bin.
2018-05-13 18:32:25.259367: I tensorflow/core/common_runtime/bfc_allocator.cc:630] Bin (134217728): 	Total Chunks: 0, Chunks in use: 0. 0B allocated for chunks. 0B in use in bin. 0B client-requested in use in bin.
2018-05-13 18:32:25.259382: I tensorflow/core/common_runtime/bfc_allocator.cc:630] Bin (268435456): 	Total Chunks: 0, Chunks in use: 0. 0B allocated for chunks. 0B in use in bin. 0B client-requested in use in bin.
2018-05-13 18:32:25.259398: I tensorflow/core/common_runtime/bfc_allocator.cc:646] Bin for 120.0KiB was 64.0KiB, Chunk State: 
2018-05-13 18:32:25.259414: I tensorflow/core/common_runtime/bfc_allocator.cc:665] Chunk at 0x705140000 of size 1280
2018-05-13 18:32:25.259428: I tensorflow/core/common_runtime/bfc_allocator.cc:665] Chunk at 0x705140500 of size 256
2018-05-13 18:32:25.259442: I tensorflow/core/common_runtime/bfc_allocator.cc:665] Chunk at 0x705140600 of size 256
2018-05-13 18:32:25.259455: I tensorflow/core/common_runtime/bfc_allocator.cc:665] Chunk at 0x705140700 of size 256
2018-05-13 18:32:25.259468: I tensorflow/core/common_runtime/bfc_allocator.cc:665] Chunk at 0x705140800 of size 256
2018-05-13 18:32:25.259497: I tensorflow/core/common_runtime/bfc_allocator.cc:665] Chunk at 0x705140900 of size 24576
2018-05-13 18:32:25.259526: I tensorflow/core/common_runtime/bfc_allocator.cc:665] Chunk at 0x705146900 of size 256
2018-05-13 18:32:25.259556: I tensorflow/core/common_runtime/bfc_allocator.cc:665] Chunk at 0x705146a00 of size 256
2018-05-13 18:32:25.259569: I tensorflow/core/common_runtime/bfc_allocator.cc:665] Chunk at 0x705146b00 of size 256
2018-05-13 18:32:25.259583: I tensorflow/core/common_runtime/bfc_allocator.cc:665] Chunk at 0x705146c00 of size 256
2018-05-13 18:32:25.259597: I tensorflow/core/common_runtime/bfc_allocator.cc:665] Chunk at 0x705146d00 of size 36864
2018-05-13 18:32:25.259611: I tensorflow/core/common_runtime/bfc_allocator.cc:665] Chunk at 0x70514fd00 of size 256
2018-05-13 18:32:25.259634: I tensorflow/core/common_runtime/bfc_allocator.cc:665] Chunk at 0x70514fe00 of size 256
2018-05-13 18:32:25.259648: I tensorflow/core/common_runtime/bfc_allocator.cc:665] Chunk at 0x70514ff00 of size 256
2018-05-13 18:32:25.259662: I tensorflow/core/common_runtime/bfc_allocator.cc:665] Chunk at 0x705150000 of size 256
2018-05-13 18:32:25.259682: I tensorflow/core/common_runtime/bfc_allocator.cc:665] Chunk at 0x705150100 of size 147456
2018-05-13 18:32:25.259695: I tensorflow/core/common_runtime/bfc_allocator.cc:665] Chunk at 0x705174100 of size 256
2018-05-13 18:32:25.259709: I tensorflow/core/common_runtime/bfc_allocator.cc:665] Chunk at 0x705174200 of size 256
2018-05-13 18:32:25.259723: I tensorflow/core/common_runtime/bfc_allocator.cc:665] Chunk at 0x705174300 of size 256
2018-05-13 18:32:25.259737: I tensorflow/core/common_runtime/bfc_allocator.cc:665] Chunk at 0x705174400 of size 256
2018-05-13 18:32:25.259751: I tensorflow/core/common_runtime/bfc_allocator.cc:665] Chunk at 0x705174500 of size 159744
2018-05-13 18:32:25.259765: I tensorflow/core/common_runtime/bfc_allocator.cc:665] Chunk at 0x70519b500 of size 256
2018-05-13 18:32:25.259778: I tensorflow/core/common_runtime/bfc_allocator.cc:665] Chunk at 0x70519b600 of size 256
2018-05-13 18:32:25.259792: I tensorflow/core/common_runtime/bfc_allocator.cc:665] Chunk at 0x70519b700 of size 256
2018-05-13 18:32:25.259812: I tensorflow/core/common_runtime/bfc_allocator.cc:665] Chunk at 0x70519b800 of size 172032
2018-05-13 18:32:25.259827: I tensorflow/core/common_runtime/bfc_allocator.cc:665] Chunk at 0x7051c5800 of size 256
2018-05-13 18:32:25.259840: I tensorflow/core/common_runtime/bfc_allocator.cc:665] Chunk at 0x7051c5900 of size 256
2018-05-13 18:32:25.259854: I tensorflow/core/common_runtime/bfc_allocator.cc:665] Chunk at 0x7051c5a00 of size 256
2018-05-13 18:32:25.259869: I tensorflow/core/common_runtime/bfc_allocator.cc:665] Chunk at 0x7051c5b00 of size 14848
2018-05-13 18:32:25.259883: I tensorflow/core/common_runtime/bfc_allocator.cc:665] Chunk at 0x7051c9500 of size 184320
2018-05-13 18:32:25.259897: I tensorflow/core/common_runtime/bfc_allocator.cc:665] Chunk at 0x7051f6500 of size 256
2018-05-13 18:32:25.259910: I tensorflow/core/common_runtime/bfc_allocator.cc:665] Chunk at 0x7051f6600 of size 256
2018-05-13 18:32:25.259924: I tensorflow/core/common_runtime/bfc_allocator.cc:665] Chunk at 0x7051f6700 of size 256
2018-05-13 18:32:25.259938: I tensorflow/core/common_runtime/bfc_allocator.cc:665] Chunk at 0x7051f6800 of size 49152
2018-05-13 18:32:25.259952: I tensorflow/core/common_runtime/bfc_allocator.cc:665] Chunk at 0x705202800 of size 256
2018-05-13 18:32:25.259966: I tensorflow/core/common_runtime/bfc_allocator.cc:665] Chunk at 0x705202900 of size 256
2018-05-13 18:32:25.259979: I tensorflow/core/common_runtime/bfc_allocator.cc:665] Chunk at 0x705202a00 of size 256
2018-05-13 18:32:25.259999: I tensorflow/core/common_runtime/bfc_allocator.cc:665] Chunk at 0x705202b00 of size 61440
2018-05-13 18:32:25.260014: I tensorflow/core/common_runtime/bfc_allocator.cc:665] Chunk at 0x705211b00 of size 256
2018-05-13 18:32:25.260028: I tensorflow/core/common_runtime/bfc_allocator.cc:665] Chunk at 0x705211c00 of size 256
2018-05-13 18:32:25.260056: I tensorflow/core/common_runtime/bfc_allocator.cc:665] Chunk at 0x705211d00 of size 256
2018-05-13 18:32:25.260069: I tensorflow/core/common_runtime/bfc_allocator.cc:665] Chunk at 0x705211e00 of size 256
2018-05-13 18:32:25.260097: I tensorflow/core/common_runtime/bfc_allocator.cc:665] Chunk at 0x705211f00 of size 256
2018-05-13 18:32:25.260111: I tensorflow/core/common_runtime/bfc_allocator.cc:665] Chunk at 0x705212000 of size 73728
2018-05-13 18:32:25.260125: I tensorflow/core/common_runtime/bfc_allocator.cc:665] Chunk at 0x705224000 of size 256
2018-05-13 18:32:25.260138: I tensorflow/core/common_runtime/bfc_allocator.cc:665] Chunk at 0x705224100 of size 256
2018-05-13 18:32:25.260152: I tensorflow/core/common_runtime/bfc_allocator.cc:665] Chunk at 0x705224200 of size 256
2018-05-13 18:32:25.260166: I tensorflow/core/common_runtime/bfc_allocator.cc:665] Chunk at 0x705224300 of size 86016
2018-05-13 18:32:25.260180: I tensorflow/core/common_runtime/bfc_allocator.cc:665] Chunk at 0x705239300 of size 256
2018-05-13 18:32:25.260194: I tensorflow/core/common_runtime/bfc_allocator.cc:665] Chunk at 0x705239400 of size 256
2018-05-13 18:32:25.260208: I tensorflow/core/common_runtime/bfc_allocator.cc:665] Chunk at 0x705239500 of size 256
2018-05-13 18:32:25.260222: I tensorflow/core/common_runtime/bfc_allocator.cc:665] Chunk at 0x705239600 of size 256
2018-05-13 18:32:25.260236: I tensorflow/core/common_runtime/bfc_allocator.cc:665] Chunk at 0x705239700 of size 98304
2018-05-13 18:32:25.260250: I tensorflow/core/common_runtime/bfc_allocator.cc:665] Chunk at 0x705251700 of size 30857216
2018-05-13 18:32:25.260264: I tensorflow/core/common_runtime/bfc_allocator.cc:665] Chunk at 0x706fbef00 of size 256
2018-05-13 18:32:25.260277: I tensorflow/core/common_runtime/bfc_allocator.cc:665] Chunk at 0x706fbf000 of size 256
2018-05-13 18:32:25.260291: I tensorflow/core/common_runtime/bfc_allocator.cc:665] Chunk at 0x706fbf100 of size 256
2018-05-13 18:32:25.260306: I tensorflow/core/common_runtime/bfc_allocator.cc:665] Chunk at 0x706fbf200 of size 110592
2018-05-13 18:32:25.260319: I tensorflow/core/common_runtime/bfc_allocator.cc:665] Chunk at 0x706fda200 of size 256
2018-05-13 18:32:25.260337: I tensorflow/core/common_runtime/bfc_allocator.cc:665] Chunk at 0x706fda300 of size 256
2018-05-13 18:32:25.260351: I tensorflow/core/common_runtime/bfc_allocator.cc:665] Chunk at 0x706fda400 of size 256
2018-05-13 18:32:25.260366: I tensorflow/core/common_runtime/bfc_allocator.cc:665] Chunk at 0x706fda500 of size 122880
2018-05-13 18:32:25.260379: I tensorflow/core/common_runtime/bfc_allocator.cc:665] Chunk at 0x706ff8500 of size 256
2018-05-13 18:32:25.260393: I tensorflow/core/common_runtime/bfc_allocator.cc:665] Chunk at 0x706ff8600 of size 256
2018-05-13 18:32:25.260408: I tensorflow/core/common_runtime/bfc_allocator.cc:665] Chunk at 0x706ff8700 of size 256
2018-05-13 18:32:25.260422: I tensorflow/core/common_runtime/bfc_allocator.cc:665] Chunk at 0x706ff8800 of size 256
2018-05-13 18:32:25.260436: I tensorflow/core/common_runtime/bfc_allocator.cc:665] Chunk at 0x706ff8900 of size 135168
2018-05-13 18:32:25.260449: I tensorflow/core/common_runtime/bfc_allocator.cc:665] Chunk at 0x707019900 of size 256
2018-05-13 18:32:25.260463: I tensorflow/core/common_runtime/bfc_allocator.cc:665] Chunk at 0x707019a00 of size 256
2018-05-13 18:32:25.260476: I tensorflow/core/common_runtime/bfc_allocator.cc:665] Chunk at 0x707019b00 of size 256
2018-05-13 18:32:25.260490: I tensorflow/core/common_runtime/bfc_allocator.cc:665] Chunk at 0x707019c00 of size 256
2018-05-13 18:32:25.260504: I tensorflow/core/common_runtime/bfc_allocator.cc:665] Chunk at 0x707019d00 of size 256
2018-05-13 18:32:25.260518: I tensorflow/core/common_runtime/bfc_allocator.cc:665] Chunk at 0x707019e00 of size 24576
2018-05-13 18:32:25.260532: I tensorflow/core/common_runtime/bfc_allocator.cc:665] Chunk at 0x70701fe00 of size 24576
2018-05-13 18:32:25.260546: I tensorflow/core/common_runtime/bfc_allocator.cc:665] Chunk at 0x707025e00 of size 24576
2018-05-13 18:32:25.260560: I tensorflow/core/common_runtime/bfc_allocator.cc:665] Chunk at 0x70702be00 of size 256
2018-05-13 18:32:25.260573: I tensorflow/core/common_runtime/bfc_allocator.cc:665] Chunk at 0x70702bf00 of size 256
2018-05-13 18:32:25.260587: I tensorflow/core/common_runtime/bfc_allocator.cc:665] Chunk at 0x70702c000 of size 256
2018-05-13 18:32:25.260601: I tensorflow/core/common_runtime/bfc_allocator.cc:665] Chunk at 0x70702c100 of size 36864
2018-05-13 18:32:25.260615: I tensorflow/core/common_runtime/bfc_allocator.cc:665] Chunk at 0x707035100 of size 36864
2018-05-13 18:32:25.260628: I tensorflow/core/common_runtime/bfc_allocator.cc:665] Chunk at 0x70703e100 of size 36864
2018-05-13 18:32:25.260642: I tensorflow/core/common_runtime/bfc_allocator.cc:665] Chunk at 0x707047100 of size 256
2018-05-13 18:32:25.260655: I tensorflow/core/common_runtime/bfc_allocator.cc:665] Chunk at 0x707047200 of size 256
2018-05-13 18:32:25.260669: I tensorflow/core/common_runtime/bfc_allocator.cc:665] Chunk at 0x707047300 of size 256
2018-05-13 18:32:25.260682: I tensorflow/core/common_runtime/bfc_allocator.cc:665] Chunk at 0x707047400 of size 256
2018-05-13 18:32:25.260696: I tensorflow/core/common_runtime/bfc_allocator.cc:665] Chunk at 0x707047500 of size 147456
2018-05-13 18:32:25.260709: I tensorflow/core/common_runtime/bfc_allocator.cc:665] Chunk at 0x70706b500 of size 147456
2018-05-13 18:32:25.260723: I tensorflow/core/common_runtime/bfc_allocator.cc:665] Chunk at 0x70708f500 of size 256
2018-05-13 18:32:25.260736: I tensorflow/core/common_runtime/bfc_allocator.cc:665] Chunk at 0x70708f600 of size 147456
2018-05-13 18:32:25.260750: I tensorflow/core/common_runtime/bfc_allocator.cc:665] Chunk at 0x7070b3600 of size 256
2018-05-13 18:32:25.260763: I tensorflow/core/common_runtime/bfc_allocator.cc:665] Chunk at 0x7070b3700 of size 256
2018-05-13 18:32:25.260777: I tensorflow/core/common_runtime/bfc_allocator.cc:665] Chunk at 0x7070b3800 of size 256
2018-05-13 18:32:25.260790: I tensorflow/core/common_runtime/bfc_allocator.cc:665] Chunk at 0x7070b3900 of size 159744
2018-05-13 18:32:25.260805: I tensorflow/core/common_runtime/bfc_allocator.cc:665] Chunk at 0x7070da900 of size 159744
2018-05-13 18:32:25.260827: I tensorflow/core/common_runtime/bfc_allocator.cc:665] Chunk at 0x707101900 of size 256
2018-05-13 18:32:25.260846: I tensorflow/core/common_runtime/bfc_allocator.cc:665] Chunk at 0x707101a00 of size 159744
2018-05-13 18:32:25.260860: I tensorflow/core/common_runtime/bfc_allocator.cc:665] Chunk at 0x707128a00 of size 256
2018-05-13 18:32:25.260874: I tensorflow/core/common_runtime/bfc_allocator.cc:665] Chunk at 0x707128b00 of size 256
2018-05-13 18:32:25.260901: I tensorflow/core/common_runtime/bfc_allocator.cc:665] Chunk at 0x707128c00 of size 256
2018-05-13 18:32:25.260929: I tensorflow/core/common_runtime/bfc_allocator.cc:665] Chunk at 0x707128d00 of size 172032
2018-05-13 18:32:25.260943: I tensorflow/core/common_runtime/bfc_allocator.cc:665] Chunk at 0x707152d00 of size 172032
2018-05-13 18:32:25.260971: I tensorflow/core/common_runtime/bfc_allocator.cc:665] Chunk at 0x70717cd00 of size 172032
2018-05-13 18:32:25.260984: I tensorflow/core/common_runtime/bfc_allocator.cc:665] Chunk at 0x7071a6d00 of size 256
2018-05-13 18:32:25.261012: I tensorflow/core/common_runtime/bfc_allocator.cc:665] Chunk at 0x7071a6e00 of size 256
2018-05-13 18:32:25.261026: I tensorflow/core/common_runtime/bfc_allocator.cc:665] Chunk at 0x7071a6f00 of size 14848
2018-05-13 18:32:25.261040: I tensorflow/core/common_runtime/bfc_allocator.cc:665] Chunk at 0x7071aa900 of size 256
2018-05-13 18:32:25.261053: I tensorflow/core/common_runtime/bfc_allocator.cc:665] Chunk at 0x7071aaa00 of size 184320
2018-05-13 18:32:25.261066: I tensorflow/core/common_runtime/bfc_allocator.cc:665] Chunk at 0x7071d7a00 of size 184320
2018-05-13 18:32:25.261079: I tensorflow/core/common_runtime/bfc_allocator.cc:665] Chunk at 0x707204a00 of size 14848
2018-05-13 18:32:25.261092: I tensorflow/core/common_runtime/bfc_allocator.cc:665] Chunk at 0x707208400 of size 184320
2018-05-13 18:32:25.261106: I tensorflow/core/common_runtime/bfc_allocator.cc:665] Chunk at 0x707235400 of size 256
2018-05-13 18:32:25.261121: I tensorflow/core/common_runtime/bfc_allocator.cc:665] Chunk at 0x707235500 of size 256
2018-05-13 18:32:25.261135: I tensorflow/core/common_runtime/bfc_allocator.cc:665] Chunk at 0x707235600 of size 256
2018-05-13 18:32:25.261151: I tensorflow/core/common_runtime/bfc_allocator.cc:665] Chunk at 0x707235700 of size 49152
2018-05-13 18:32:25.261164: I tensorflow/core/common_runtime/bfc_allocator.cc:665] Chunk at 0x707241700 of size 49152
2018-05-13 18:32:25.261178: I tensorflow/core/common_runtime/bfc_allocator.cc:665] Chunk at 0x70724d700 of size 49152
2018-05-13 18:32:25.261206: I tensorflow/core/common_runtime/bfc_allocator.cc:665] Chunk at 0x707259700 of size 256
2018-05-13 18:32:25.261234: I tensorflow/core/common_runtime/bfc_allocator.cc:665] Chunk at 0x707259800 of size 256
2018-05-13 18:32:25.261248: I tensorflow/core/common_runtime/bfc_allocator.cc:665] Chunk at 0x707259900 of size 14848
2018-05-13 18:32:25.261262: I tensorflow/core/common_runtime/bfc_allocator.cc:665] Chunk at 0x70725d300 of size 256
2018-05-13 18:32:25.261275: I tensorflow/core/common_runtime/bfc_allocator.cc:665] Chunk at 0x70725d400 of size 61440
2018-05-13 18:32:25.261289: I tensorflow/core/common_runtime/bfc_allocator.cc:665] Chunk at 0x70726c400 of size 61440
2018-05-13 18:32:25.261302: I tensorflow/core/common_runtime/bfc_allocator.cc:665] Chunk at 0x70727b400 of size 61440
2018-05-13 18:32:25.261315: I tensorflow/core/common_runtime/bfc_allocator.cc:665] Chunk at 0x70728a400 of size 256
2018-05-13 18:32:25.261328: I tensorflow/core/common_runtime/bfc_allocator.cc:665] Chunk at 0x70728a500 of size 256
2018-05-13 18:32:25.261341: I tensorflow/core/common_runtime/bfc_allocator.cc:665] Chunk at 0x70728a600 of size 256
2018-05-13 18:32:25.261355: I tensorflow/core/common_runtime/bfc_allocator.cc:665] Chunk at 0x70728a700 of size 73728
2018-05-13 18:32:25.261368: I tensorflow/core/common_runtime/bfc_allocator.cc:665] Chunk at 0x70729c700 of size 73728
2018-05-13 18:32:25.261383: I tensorflow/core/common_runtime/bfc_allocator.cc:665] Chunk at 0x7072ae700 of size 73728
2018-05-13 18:32:25.261402: I tensorflow/core/common_runtime/bfc_allocator.cc:665] Chunk at 0x7072c0700 of size 256
2018-05-13 18:32:25.261415: I tensorflow/core/common_runtime/bfc_allocator.cc:665] Chunk at 0x7072c0800 of size 256
2018-05-13 18:32:25.261429: I tensorflow/core/common_runtime/bfc_allocator.cc:665] Chunk at 0x7072c0900 of size 256
2018-05-13 18:32:25.261442: I tensorflow/core/common_runtime/bfc_allocator.cc:665] Chunk at 0x7072c0a00 of size 86016
2018-05-13 18:32:25.261455: I tensorflow/core/common_runtime/bfc_allocator.cc:665] Chunk at 0x7072d5a00 of size 86016
2018-05-13 18:32:25.261468: I tensorflow/core/common_runtime/bfc_allocator.cc:665] Chunk at 0x7072eaa00 of size 256
2018-05-13 18:32:25.261482: I tensorflow/core/common_runtime/bfc_allocator.cc:665] Chunk at 0x7072eab00 of size 86016
2018-05-13 18:32:25.261494: I tensorflow/core/common_runtime/bfc_allocator.cc:665] Chunk at 0x7072ffb00 of size 256
2018-05-13 18:32:25.261508: I tensorflow/core/common_runtime/bfc_allocator.cc:665] Chunk at 0x7072ffc00 of size 256
2018-05-13 18:32:25.261521: I tensorflow/core/common_runtime/bfc_allocator.cc:665] Chunk at 0x7072ffd00 of size 256
2018-05-13 18:32:25.261535: I tensorflow/core/common_runtime/bfc_allocator.cc:665] Chunk at 0x7072ffe00 of size 98304
2018-05-13 18:32:25.261548: I tensorflow/core/common_runtime/bfc_allocator.cc:665] Chunk at 0x707317e00 of size 98304
2018-05-13 18:32:25.261576: I tensorflow/core/common_runtime/bfc_allocator.cc:665] Chunk at 0x70732fe00 of size 30857216
2018-05-13 18:32:25.261590: I tensorflow/core/common_runtime/bfc_allocator.cc:665] Chunk at 0x70909d600 of size 98304
2018-05-13 18:32:25.261603: I tensorflow/core/common_runtime/bfc_allocator.cc:665] Chunk at 0x7090b5600 of size 256
2018-05-13 18:32:25.261617: I tensorflow/core/common_runtime/bfc_allocator.cc:665] Chunk at 0x7090b5700 of size 256
2018-05-13 18:32:25.261630: I tensorflow/core/common_runtime/bfc_allocator.cc:665] Chunk at 0x7090b5800 of size 256
2018-05-13 18:32:25.261644: I tensorflow/core/common_runtime/bfc_allocator.cc:665] Chunk at 0x7090b5900 of size 30857216
2018-05-13 18:32:25.261658: I tensorflow/core/common_runtime/bfc_allocator.cc:665] Chunk at 0x70ae23100 of size 110592
2018-05-13 18:32:25.261671: I tensorflow/core/common_runtime/bfc_allocator.cc:665] Chunk at 0x70ae3e100 of size 110592
2018-05-13 18:32:25.261684: I tensorflow/core/common_runtime/bfc_allocator.cc:665] Chunk at 0x70ae59100 of size 110592
2018-05-13 18:32:25.261699: I tensorflow/core/common_runtime/bfc_allocator.cc:665] Chunk at 0x70ae74100 of size 256
2018-05-13 18:32:25.261716: I tensorflow/core/common_runtime/bfc_allocator.cc:665] Chunk at 0x70ae74200 of size 256
2018-05-13 18:32:25.261732: I tensorflow/core/common_runtime/bfc_allocator.cc:665] Chunk at 0x70ae74300 of size 256
2018-05-13 18:32:25.261747: I tensorflow/core/common_runtime/bfc_allocator.cc:665] Chunk at 0x70ae74400 of size 122880
2018-05-13 18:32:25.261761: I tensorflow/core/common_runtime/bfc_allocator.cc:665] Chunk at 0x70ae92400 of size 122880
2018-05-13 18:32:25.261777: I tensorflow/core/common_runtime/bfc_allocator.cc:665] Chunk at 0x70aeb0400 of size 59833344
2018-05-13 18:32:25.261793: I tensorflow/core/common_runtime/bfc_allocator.cc:671]      Summary of in-use Chunks by size: 
2018-05-13 18:32:25.261814: I tensorflow/core/common_runtime/bfc_allocator.cc:674] 95 Chunks of size 256 totalling 23.8KiB
2018-05-13 18:32:25.261834: I tensorflow/core/common_runtime/bfc_allocator.cc:674] 1 Chunks of size 1280 totalling 1.2KiB
2018-05-13 18:32:25.261850: I tensorflow/core/common_runtime/bfc_allocator.cc:674] 4 Chunks of size 14848 totalling 58.0KiB
2018-05-13 18:32:25.261865: I tensorflow/core/common_runtime/bfc_allocator.cc:674] 4 Chunks of size 24576 totalling 96.0KiB
2018-05-13 18:32:25.261880: I tensorflow/core/common_runtime/bfc_allocator.cc:674] 4 Chunks of size 36864 totalling 144.0KiB
2018-05-13 18:32:25.261915: I tensorflow/core/common_runtime/bfc_allocator.cc:674] 4 Chunks of size 49152 totalling 192.0KiB
2018-05-13 18:32:25.261943: I tensorflow/core/common_runtime/bfc_allocator.cc:674] 4 Chunks of size 61440 totalling 240.0KiB
2018-05-13 18:32:25.261960: I tensorflow/core/common_runtime/bfc_allocator.cc:674] 4 Chunks of size 73728 totalling 288.0KiB
2018-05-13 18:32:25.261975: I tensorflow/core/common_runtime/bfc_allocator.cc:674] 4 Chunks of size 86016 totalling 336.0KiB
2018-05-13 18:32:25.261991: I tensorflow/core/common_runtime/bfc_allocator.cc:674] 4 Chunks of size 98304 totalling 384.0KiB
2018-05-13 18:32:25.262014: I tensorflow/core/common_runtime/bfc_allocator.cc:674] 4 Chunks of size 110592 totalling 432.0KiB
2018-05-13 18:32:25.262030: I tensorflow/core/common_runtime/bfc_allocator.cc:674] 3 Chunks of size 122880 totalling 360.0KiB
2018-05-13 18:32:25.262045: I tensorflow/core/common_runtime/bfc_allocator.cc:674] 1 Chunks of size 135168 totalling 132.0KiB
2018-05-13 18:32:25.262060: I tensorflow/core/common_runtime/bfc_allocator.cc:674] 4 Chunks of size 147456 totalling 576.0KiB
2018-05-13 18:32:25.262075: I tensorflow/core/common_runtime/bfc_allocator.cc:674] 4 Chunks of size 159744 totalling 624.0KiB
2018-05-13 18:32:25.262090: I tensorflow/core/common_runtime/bfc_allocator.cc:674] 4 Chunks of size 172032 totalling 672.0KiB
2018-05-13 18:32:25.262105: I tensorflow/core/common_runtime/bfc_allocator.cc:674] 4 Chunks of size 184320 totalling 720.0KiB
2018-05-13 18:32:25.262120: I tensorflow/core/common_runtime/bfc_allocator.cc:674] 3 Chunks of size 30857216 totalling 88.28MiB
2018-05-13 18:32:25.262136: I tensorflow/core/common_runtime/bfc_allocator.cc:674] 1 Chunks of size 59833344 totalling 57.06MiB
2018-05-13 18:32:25.262151: I tensorflow/core/common_runtime/bfc_allocator.cc:678] Sum Total of in-use chunks: 150.50MiB
2018-05-13 18:32:25.262169: I tensorflow/core/common_runtime/bfc_allocator.cc:680] Stats: 
Limit:                   157810688
InUse:                   157810688
MaxInUse:                157810688
NumAllocs:                     156
MaxAllocSize:             59833344

2018-05-13 18:32:25.262195: W tensorflow/core/common_runtime/bfc_allocator.cc:279] **********************************************************************************xxxxxxxxxxxxxxxxxx
2018-05-13 18:32:25.262251: W tensorflow/core/framework/op_kernel.cc:1318] OP_REQUIRES failed at random_op.cc:202 : Resource exhausted: OOM when allocating tensor with shape[10,128,24] and type float on /job:localhost/replica:0/task:0/device:GPU:0 by allocator GPU_0_bfc
2018-05-13 18:33:10.606459: I tensorflow/stream_executor/cuda/cuda_gpu_executor.cc:898] successful NUMA node read from SysFS had negative value (-1), but there must be at least one NUMA node, so returning NUMA node zero
2018-05-13 18:33:10.606903: I tensorflow/core/common_runtime/gpu/gpu_device.cc:1356] Found device 0 with properties: 
name: Tesla K80 major: 3 minor: 7 memoryClockRate(GHz): 0.8235
pciBusID: 0000:00:04.0
totalMemory: 11.17GiB freeMemory: 11.09GiB
2018-05-13 18:33:10.606929: I tensorflow/core/common_runtime/gpu/gpu_device.cc:1435] Adding visible gpu devices: 0
2018-05-13 18:33:10.949286: I tensorflow/core/common_runtime/gpu/gpu_device.cc:923] Device interconnect StreamExecutor with strength 1 edge matrix:
2018-05-13 18:33:10.949352: I tensorflow/core/common_runtime/gpu/gpu_device.cc:929]      0 
2018-05-13 18:33:10.949370: I tensorflow/core/common_runtime/gpu/gpu_device.cc:942] 0:   N 
2018-05-13 18:33:10.949667: I tensorflow/core/common_runtime/gpu/gpu_device.cc:1053] Created TensorFlow device (/job:localhost/replica:0/task:0/device:GPU:0 with 10749 MB memory) -> physical GPU (device: 0, name: Tesla K80, pci bus id: 0000:00:04.0, compute capability: 3.7)
0 44.73
1 57.00
2 61.09
3 61.73
4 63.91
5 63.82
6 63.82
7 64.18
8 64.45
9 64.27
10 64.55
11 63.82
12 64.09
13 64.45
14 64.00
15 64.27
16 64.36
17 64.18
18 64.36
19 64.36
