Traceback (most recent call last):
  File "lemmatizer_sota.py", line 3, in <module>
    import tensorflow as tf
ImportError: No module named 'tensorflow'
2018-05-05 23:09:10.306812: I tensorflow/stream_executor/cuda/cuda_gpu_executor.cc:898] successful NUMA node read from SysFS had negative value (-1), but there must be at least one NUMA node, so returning NUMA node zero
2018-05-05 23:09:10.307251: I tensorflow/core/common_runtime/gpu/gpu_device.cc:1356] Found device 0 with properties: 
name: Tesla K80 major: 3 minor: 7 memoryClockRate(GHz): 0.8235
pciBusID: 0000:00:04.0
totalMemory: 11.17GiB freeMemory: 11.09GiB
2018-05-05 23:09:10.307280: I tensorflow/core/common_runtime/gpu/gpu_device.cc:1435] Adding visible gpu devices: 0
2018-05-05 23:09:10.643340: I tensorflow/core/common_runtime/gpu/gpu_device.cc:923] Device interconnect StreamExecutor with strength 1 edge matrix:
2018-05-05 23:09:10.643422: I tensorflow/core/common_runtime/gpu/gpu_device.cc:929]      0 
2018-05-05 23:09:10.643436: I tensorflow/core/common_runtime/gpu/gpu_device.cc:942] 0:   N 
2018-05-05 23:09:10.643740: I tensorflow/core/common_runtime/gpu/gpu_device.cc:1053] Created TensorFlow device (/job:localhost/replica:0/task:0/device:GPU:0 with 10748 MB memory) -> physical GPU (device: 0, name: Tesla K80, pci bus id: 0000:00:04.0, compute capability: 3.7)
/home/maryobedkova/tensorflow/lib/python3.5/site-packages/tensorflow/python/ops/gradients_impl.py:100: UserWarning: Converting sparse IndexedSlices to a dense Tensor of unknown shape. This may consume a large amount of memory.
  "Converting sparse IndexedSlices to a dense Tensor of unknown shape. "
89.66
91.98
93.40
94.24
94.28
94.68
94.84
95.08
94.79
95.49
